<?xml version="1.0" encoding="UTF-8" ?>
<testsuite tests="7" failures="0" name="InstructionTest" time="0.184" errors="0" skipped="0">
  <properties>
[...]
</properties>
  <testcase classname="InstructionTest" name="test_throw_exception_wrong_date" time="0.059"/>
  <testcase classname="InstructionTest" name="test_usd_amount_of_trade" time="0.003"/>
  <testcase classname="InstructionTest" name="test_report_ranking" time="0.004"/>
  <testcase classname="InstructionTest" name="test_day_of_week_starts_Monday_if_settled_sunday" time="0.001"/>
  <testcase classname="InstructionTest" name="test_work_week_starts_Monday" time="0"/>
  <testcase classname="InstructionTest" name="test_report_settled_incoming" time="0.002"/>
  <testcase classname="InstructionTest" name="test_throw_exception_wrong_currency" time="0.001"/>
</testsuite>